[INFO] Scanning for projects...
[INFO] 
[INFO] ----------------------< com.api.util:ApiSecurity >----------------------
[INFO] Building ApiSecurity 2.0.0-SNAPSHOT
[INFO] --------------------------------[ jar ]---------------------------------
[INFO] 
[INFO] --- jsonschema2pojo-maven-plugin:0.5.1:generate (default) @ ApiSecurity ---
Downloading from gradle-workaround: http://repo.spring.io/plugins-release/io/grpc/grpc-core/maven-metadata.xml
Downloading from maven-central: http://repo1.maven.org/maven2/io/grpc/grpc-core/maven-metadata.xml
[WARNING] Could not transfer metadata io.grpc:grpc-core/maven-metadata.xml from/to maven-central (http://repo1.maven.org/maven2): Failed to transfer file: http://repo1.maven.org/maven2/io/grpc/grpc-core/maven-metadata.xml. Return code is: 501 , ReasonPhrase:HTTPS Required.
[WARNING] Could not transfer metadata io.grpc:grpc-core/maven-metadata.xml from/to gradle-workaround (http://repo.spring.io/plugins-release): Failed to transfer file: http://repo.spring.io/plugins-release/io/grpc/grpc-core/maven-metadata.xml. Return code is: 308 , ReasonPhrase:Permanent Redirect.
Downloading from maven-central: http://repo1.maven.org/maven2/io/netty/netty-codec-http2/maven-metadata.xml
Downloading from gradle-workaround: http://repo.spring.io/plugins-release/io/netty/netty-codec-http2/maven-metadata.xml
[WARNING] Could not transfer metadata io.netty:netty-codec-http2/maven-metadata.xml from/to maven-central (http://repo1.maven.org/maven2): Failed to transfer file: http://repo1.maven.org/maven2/io/netty/netty-codec-http2/maven-metadata.xml. Return code is: 501 , ReasonPhrase:HTTPS Required.
[WARNING] Could not transfer metadata io.netty:netty-codec-http2/maven-metadata.xml from/to gradle-workaround (http://repo.spring.io/plugins-release): Failed to transfer file: http://repo.spring.io/plugins-release/io/netty/netty-codec-http2/maven-metadata.xml. Return code is: 308 , ReasonPhrase:Permanent Redirect.
[WARNING] Failure to transfer io.grpc:grpc-core/maven-metadata.xml from http://repo1.maven.org/maven2 was cached in the local repository, resolution will not be reattempted until the update interval of maven-central has elapsed or updates are forced. Original error: Could not transfer metadata io.grpc:grpc-core/maven-metadata.xml from/to maven-central (http://repo1.maven.org/maven2): Failed to transfer file: http://repo1.maven.org/maven2/io/grpc/grpc-core/maven-metadata.xml. Return code is: 501 , ReasonPhrase:HTTPS Required.
[WARNING] Failure to transfer io.grpc:grpc-core/maven-metadata.xml from http://repo.spring.io/plugins-release was cached in the local repository, resolution will not be reattempted until the update interval of gradle-workaround has elapsed or updates are forced. Original error: Could not transfer metadata io.grpc:grpc-core/maven-metadata.xml from/to gradle-workaround (http://repo.spring.io/plugins-release): Failed to transfer file: http://repo.spring.io/plugins-release/io/grpc/grpc-core/maven-metadata.xml. Return code is: 308 , ReasonPhrase:Permanent Redirect.
[WARNING] Failure to transfer io.netty:netty-codec-http2/maven-metadata.xml from http://repo1.maven.org/maven2 was cached in the local repository, resolution will not be reattempted until the update interval of maven-central has elapsed or updates are forced. Original error: Could not transfer metadata io.netty:netty-codec-http2/maven-metadata.xml from/to maven-central (http://repo1.maven.org/maven2): Failed to transfer file: http://repo1.maven.org/maven2/io/netty/netty-codec-http2/maven-metadata.xml. Return code is: 501 , ReasonPhrase:HTTPS Required.
[WARNING] Failure to transfer io.netty:netty-codec-http2/maven-metadata.xml from http://repo.spring.io/plugins-release was cached in the local repository, resolution will not be reattempted until the update interval of gradle-workaround has elapsed or updates are forced. Original error: Could not transfer metadata io.netty:netty-codec-http2/maven-metadata.xml from/to gradle-workaround (http://repo.spring.io/plugins-release): Failed to transfer file: http://repo.spring.io/plugins-release/io/netty/netty-codec-http2/maven-metadata.xml. Return code is: 308 , ReasonPhrase:Permanent Redirect.
[INFO] 
[INFO] --- maven-resources-plugin:2.6:resources (default-resources) @ ApiSecurity ---
[INFO] Using 'UTF-8' encoding to copy filtered resources.
[INFO] Copying 51 resources
[INFO] 
[INFO] --- maven-compiler-plugin:3.5.1:compile (default-compile) @ ApiSecurity ---
[INFO] Changes detected - recompiling the module!
[INFO] Compiling 18 source files to /Users/nsearch-sohboonkeong/GovTech/workspace/java-apex-api-security_bu/target/classes
[INFO] 
[INFO] --- maven-resources-plugin:2.6:testResources (default-testResources) @ ApiSecurity ---
[INFO] Using 'UTF-8' encoding to copy filtered resources.
[INFO] skip non existing resourceDirectory /Users/nsearch-sohboonkeong/GovTech/workspace/java-apex-api-security_bu/src/test/resources
[INFO] 
[INFO] --- maven-compiler-plugin:3.5.1:testCompile (default-testCompile) @ ApiSecurity ---
[INFO] Nothing to compile - all classes are up to date
[INFO] 
[INFO] --- maven-surefire-plugin:2.12.4:test (default-test) @ ApiSecurity ---
[INFO] Surefire report directory: /Users/nsearch-sohboonkeong/GovTech/workspace/java-apex-api-security_bu/target/surefire-reports

-------------------------------------------------------
 T E S T S
-------------------------------------------------------
Running com.api.util.ApiSecurity.RSASignatureTest
2021-11-08 05:24:05 [main] DEBUG:: Enter :: getPrivateKeyFromKeyStore :: keystoreFileName : /Users/nsearch-sohboonkeong/GovTech/workspace/java-apex-api-security_bu/certificates/ssc.alpha.example.com.p12 , password: passwordp12 , alias: alpha 
2021-11-08 05:24:05 [main] DEBUG:: Exit :: getPrivateKeyFromKeyStore
2021-11-08 05:24:05 [main] DEBUG:: Enter :: getPublicKeyFromX509Certificate :: publicCertificateFileName : /Users/nsearch-sohboonkeong/GovTech/workspace/java-apex-api-security_bu/certificates/ssc.alpha.example.com.cer 
2021-11-08 05:24:05 [main] DEBUG:: Exit :: getPublicKeyFromX509Certificate
2021-11-08 05:24:05 [main] DEBUG:: Enter :: verifyRSASignature :: baseString  : Lorem ipsum dolor sit amet, vel nihil senserit ei. Ne quo erat feugait disputationi. , signature : OsOqG/6hJfGmpCDkqBSZ4netNJDex1lzBYTzGjvjShSFEhJEzAD1zNHKg8Zf9Dve7o9lx3+Yrhrn68nMocgUSOvinhUNF3ttLWw36GzXG7BFJRSIbeUfY3C1vAhkjxmE8oiYoIWctT9qBOL/3GY5QD1H3DiWrb3OLUjy52dsAPmK2P5ofdo8Erd5/0mTxgX+OLMADLJUXq/Aajp1ZIF+djQipPHg0Ms1sNkSHCURxyCjRMKOHNe8DH15lKcApBBjd3XPlb+PGlFl/ffc5Q1ALnAOmsqN6hi8mW+R6Eb0QZsvoRMFSA7kQdWvkCrlWtP5ux+A2Ji/b48SWFSJurVz7yRBhJFDYlvTTCGcgLfwn3TJXa/YbCK05qy307i6X9jnfYaqSYhKC61ExTZYE2SyfagAcWVlSlq3bEovZXllKAwq8Yqyez2EqkOoSzJdj5gmJ1Pb4wN/ss7yYybRSvFShQunj/t6TiQDCJuhghXOfV5Scs/wqjDMWViqrA65YOQHROqAku81NiWFmciVHjk6bNAGsp7iE0p5XnA4z9B41ZVPsxsSXUg4tZvpUrZSpNzlGFBi/uEa1UYcrUd8APzBCvUa75RhZsfxRsCOkpyOEmqoFzg4ngCfegJzBpU5La9e0SOlRvW29p9CK7fS/FZC5YJtP1kucaBN5pX/mxaYeUQ= 
2021-11-08 05:24:05 [main] DEBUG:: Exit :: verifyRSASignature
2021-11-08 05:24:05 [main] DEBUG:: Exit :: verifyRSASignature
Test Type:Basic Test
2021-11-08 05:24:05 [main] DEBUG:: Enter :: getRSASignature :: baseString : Lorem ipsum dolor sit amet, vel nihil senserit ei. Ne quo erat feugait disputationi. 
2021-11-08 05:24:05 [main] DEBUG:: encryptedData length:512
2021-11-08 05:24:05 [main] DEBUG:: Exit :: getRSASignature :: base64Token : OsOqG/6hJfGmpCDkqBSZ4netNJDex1lzBYTzGjvjShSFEhJEzAD1zNHKg8Zf9Dve7o9lx3+Yrhrn68nMocgUSOvinhUNF3ttLWw36GzXG7BFJRSIbeUfY3C1vAhkjxmE8oiYoIWctT9qBOL/3GY5QD1H3DiWrb3OLUjy52dsAPmK2P5ofdo8Erd5/0mTxgX+OLMADLJUXq/Aajp1ZIF+djQipPHg0Ms1sNkSHCURxyCjRMKOHNe8DH15lKcApBBjd3XPlb+PGlFl/ffc5Q1ALnAOmsqN6hi8mW+R6Eb0QZsvoRMFSA7kQdWvkCrlWtP5ux+A2Ji/b48SWFSJurVz7yRBhJFDYlvTTCGcgLfwn3TJXa/YbCK05qy307i6X9jnfYaqSYhKC61ExTZYE2SyfagAcWVlSlq3bEovZXllKAwq8Yqyez2EqkOoSzJdj5gmJ1Pb4wN/ss7yYybRSvFShQunj/t6TiQDCJuhghXOfV5Scs/wqjDMWViqrA65YOQHROqAku81NiWFmciVHjk6bNAGsp7iE0p5XnA4z9B41ZVPsxsSXUg4tZvpUrZSpNzlGFBi/uEa1UYcrUd8APzBCvUa75RhZsfxRsCOkpyOEmqoFzg4ngCfegJzBpU5La9e0SOlRvW29p9CK7fS/FZC5YJtP1kucaBN5pX/mxaYeUQ= 
Expected Signature :OsOqG/6hJfGmpCDkqBSZ4netNJDex1lzBYTzGjvjShSFEhJEzAD1zNHKg8Zf9Dve7o9lx3+Yrhrn68nMocgUSOvinhUNF3ttLWw36GzXG7BFJRSIbeUfY3C1vAhkjxmE8oiYoIWctT9qBOL/3GY5QD1H3DiWrb3OLUjy52dsAPmK2P5ofdo8Erd5/0mTxgX+OLMADLJUXq/Aajp1ZIF+djQipPHg0Ms1sNkSHCURxyCjRMKOHNe8DH15lKcApBBjd3XPlb+PGlFl/ffc5Q1ALnAOmsqN6hi8mW+R6Eb0QZsvoRMFSA7kQdWvkCrlWtP5ux+A2Ji/b48SWFSJurVz7yRBhJFDYlvTTCGcgLfwn3TJXa/YbCK05qy307i6X9jnfYaqSYhKC61ExTZYE2SyfagAcWVlSlq3bEovZXllKAwq8Yqyez2EqkOoSzJdj5gmJ1Pb4wN/ss7yYybRSvFShQunj/t6TiQDCJuhghXOfV5Scs/wqjDMWViqrA65YOQHROqAku81NiWFmciVHjk6bNAGsp7iE0p5XnA4z9B41ZVPsxsSXUg4tZvpUrZSpNzlGFBi/uEa1UYcrUd8APzBCvUa75RhZsfxRsCOkpyOEmqoFzg4ngCfegJzBpU5La9e0SOlRvW29p9CK7fS/FZC5YJtP1kucaBN5pX/mxaYeUQ=
Test Type:UTF8 (Chinese Traditional) Test
2021-11-08 05:24:05 [main] DEBUG:: Enter :: getRSASignature :: baseString : 道続万汁国圭絶題手事足物目族月会済。 
2021-11-08 05:24:05 [main] DEBUG:: encryptedData length:512
2021-11-08 05:24:05 [main] DEBUG:: Exit :: getRSASignature :: base64Token : BcgiwVRV5NPf2D15NMA7PjfheHY+jYeODlODuaAahd5dU/fuGanMcFpFuKJtxuCQLOE3veZMCC7V+hb/LEaBfkvXw+7gl8WtLu+T927Xs+3517AZm9vZ3nU34FIMAQpTJ8QbciFcd5FAybDiMuCfzvVE59yTSL/JmzSH4188/K6Z1uZ29VizrC2BwtVA/SHaWN1SMUGX6u0tQN5nE4dGZ9lRKm1Jd2rsUNDmqsmUZDJTbgoZbTJjNQklRv48GunXYBt/cfi9T5bryIVilqUphTIe6GrjLXZ1NVVCcMCJaCzAesX2dWUwLCEULcM4Vqw+7SWN20k4zcori5+QkwNH/eyViHwKiYY+neIusUU4HcafIXNHlYQjj1OVEXqPn2P7TzH9y+7TXheNrQ03P6NnRBjEW/bAgoCplbhYWnlNtu+BBNLn9+6rN/ePJz265Wetb16ZjG+ZwbV72PUkGxeFoT7cGBNvcC5zK4bFZV4AOr7TqE9Nt/xm9Xi7/gM0oU7zgYm+32LJaAxG2vax9EFdi3yBKrGRBYLaMH/6KEreZV+iZgLsqK/7tWEQom843iTmeRaxA4/Xeg3MLPyyxrWtQBqu2O/lv6pEf+scnc2Mg6gyc5uRm0luxJUBkqI6i/BAHGZRN1cDkMhWywAcWs3yxxV6qptFYxl6ubLCbCXtiw0= 
Expected Signature :BcgiwVRV5NPf2D15NMA7PjfheHY+jYeODlODuaAahd5dU/fuGanMcFpFuKJtxuCQLOE3veZMCC7V+hb/LEaBfkvXw+7gl8WtLu+T927Xs+3517AZm9vZ3nU34FIMAQpTJ8QbciFcd5FAybDiMuCfzvVE59yTSL/JmzSH4188/K6Z1uZ29VizrC2BwtVA/SHaWN1SMUGX6u0tQN5nE4dGZ9lRKm1Jd2rsUNDmqsmUZDJTbgoZbTJjNQklRv48GunXYBt/cfi9T5bryIVilqUphTIe6GrjLXZ1NVVCcMCJaCzAesX2dWUwLCEULcM4Vqw+7SWN20k4zcori5+QkwNH/eyViHwKiYY+neIusUU4HcafIXNHlYQjj1OVEXqPn2P7TzH9y+7TXheNrQ03P6NnRBjEW/bAgoCplbhYWnlNtu+BBNLn9+6rN/ePJz265Wetb16ZjG+ZwbV72PUkGxeFoT7cGBNvcC5zK4bFZV4AOr7TqE9Nt/xm9Xi7/gM0oU7zgYm+32LJaAxG2vax9EFdi3yBKrGRBYLaMH/6KEreZV+iZgLsqK/7tWEQom843iTmeRaxA4/Xeg3MLPyyxrWtQBqu2O/lv6pEf+scnc2Mg6gyc5uRm0luxJUBkqI6i/BAHGZRN1cDkMhWywAcWs3yxxV6qptFYxl6ubLCbCXtiw0=
Test Type:UTF8 (Japanese) Test
2021-11-08 05:24:05 [main] DEBUG:: Enter :: getRSASignature :: baseString : 員ちぞど移点お告周ひょ球独狙チウソノ法保断フヒシハ東5広みぶめい質創ごぴ採8踊表述因仁らトつ。 
2021-11-08 05:24:05 [main] DEBUG:: encryptedData length:512
2021-11-08 05:24:05 [main] DEBUG:: Exit :: getRSASignature :: base64Token : RtNtUoRXhNFrFPMy5aJjPTB8yI9AyvLqIKmgjmarxZhB/aOLXSJtHHJMgufOLDsUzEyDenlPuRp4ju2Dp870P19H/IxLktTqkU3DZU35tqk21TWNQDmdl/P9YjY3BNJqU4YBV3A83KRDRhJh235Hjy20dbJqZAe/oL/8GboRd0W941Oj2VfC53SmVAYWQV1aJb4qV3cvoQG2OtcBMNA+ayG+0oTB9AtGZ3CqCUPqbfbb36oc81jYQj0nElHRew7QdclfpAUQaDgCF6svduji2rdXrU+fRYaiRPtm4F1zv9JVuIjKOZRqVQeQ3Nb/X8zUMEBNeWToQPmzoHz6hAEfzYUif2IJ1KqYooV29AwOvwu1itAeUwLtqlHK3QGJYaJVrw05EyAg1IsicAQ+szP+6t6Er3GjhRSXwIcpKdxLUHVtwFoK7E1L4FqxCW+Pokm97h0/rqWREt7DJvoIofQ8rtfEfao5CTaJOQyMRUx+Ds1Kytzpzd1T7aWFvdzFxo9YLfsZ/DzIy2F7iMi9c1b8WYfStlBvfUeEEeByZj+7FrvLMo9Ys5K/UweBfTcBHdPfCmW5RTJhmfK0p+EVsntLqkCbWMoQ6JdNZoASSB7E+NPGJuk3kuVo4sPnPy9vQlHsYJWktXjwTmBp4EZzfcia6U5TSWG0Wdn4ohCYQU2Y/sg= 
Expected Signature :RtNtUoRXhNFrFPMy5aJjPTB8yI9AyvLqIKmgjmarxZhB/aOLXSJtHHJMgufOLDsUzEyDenlPuRp4ju2Dp870P19H/IxLktTqkU3DZU35tqk21TWNQDmdl/P9YjY3BNJqU4YBV3A83KRDRhJh235Hjy20dbJqZAe/oL/8GboRd0W941Oj2VfC53SmVAYWQV1aJb4qV3cvoQG2OtcBMNA+ayG+0oTB9AtGZ3CqCUPqbfbb36oc81jYQj0nElHRew7QdclfpAUQaDgCF6svduji2rdXrU+fRYaiRPtm4F1zv9JVuIjKOZRqVQeQ3Nb/X8zUMEBNeWToQPmzoHz6hAEfzYUif2IJ1KqYooV29AwOvwu1itAeUwLtqlHK3QGJYaJVrw05EyAg1IsicAQ+szP+6t6Er3GjhRSXwIcpKdxLUHVtwFoK7E1L4FqxCW+Pokm97h0/rqWREt7DJvoIofQ8rtfEfao5CTaJOQyMRUx+Ds1Kytzpzd1T7aWFvdzFxo9YLfsZ/DzIy2F7iMi9c1b8WYfStlBvfUeEEeByZj+7FrvLMo9Ys5K/UweBfTcBHdPfCmW5RTJhmfK0p+EVsntLqkCbWMoQ6JdNZoASSB7E+NPGJuk3kuVo4sPnPy9vQlHsYJWktXjwTmBp4EZzfcia6U5TSWG0Wdn4ohCYQU2Y/sg=
Test Type:UTF8 (Korean) Test
2021-11-08 05:24:05 [main] DEBUG:: Enter :: getRSASignature :: baseString : 대통령은 즉시 이를 공포하여야 한다, 그 자율적 활동과 발전을 보장한다. 
2021-11-08 05:24:05 [main] DEBUG:: encryptedData length:512
2021-11-08 05:24:05 [main] DEBUG:: Exit :: getRSASignature :: base64Token : GW0UWsS/bdP22Zd8D+WCZtz4LhyHF/8QemS7xTDPzhSlN+yjPtu7O0f/GGl3s+U1Cm3gUjMIRKbSKyi441Z57MD/9Ju8swtAJkHh9K/LPf/fFfm3UMN0EU7jeoEUkFG3AM8rR24ih16HFpK8RcDHDRL5+tAoU6au/JRLAnuRnhcOjunSC91OhTZJqSGYukoarLYVFxnLFyZPviZPe+aaFW4ZUrD+Kc6K2C/htHS1S/7NJedDsD8If31+dh/wdkIbvhQRDgWBJlSAoqOqmeFSRIIXW/VeufOjXZ9fxa/pmsBDN5BB5Fb3MguxebD61c0MN4F+gnRQ/5arKQL5oIn/QAGan6Ll7s7nUGpa88sdVKRqw/TVcqmYeIFgWBUhnk2p54tvWbCXski63z4QRC+4TZ/ITPgn1sDqsD5Qf9/Ly1RPpJPODNgIYb5i6vh94gchqrF1g3EphbJ3riWCqREoBuCD+yqS2DSE7QWg1gjaHtT8kzcxkt3KpJoLPlZPKt92y03/av8a0AXpc2H7pw2mJ4i13xDsiRKavE4R7pwrfUJxSxYD2jBPZgNTo3XxaboHZgFbvyyw3xHreSo9CmM0mL94qha4jv2TqGuURooiBfizxzuHeMub1t8VIAXOiTk/iQtBPvGLtsQzFW3TeAeZtiYSGBeKOmb6O1vtetBurQk= 
Expected Signature :GW0UWsS/bdP22Zd8D+WCZtz4LhyHF/8QemS7xTDPzhSlN+yjPtu7O0f/GGl3s+U1Cm3gUjMIRKbSKyi441Z57MD/9Ju8swtAJkHh9K/LPf/fFfm3UMN0EU7jeoEUkFG3AM8rR24ih16HFpK8RcDHDRL5+tAoU6au/JRLAnuRnhcOjunSC91OhTZJqSGYukoarLYVFxnLFyZPviZPe+aaFW4ZUrD+Kc6K2C/htHS1S/7NJedDsD8If31+dh/wdkIbvhQRDgWBJlSAoqOqmeFSRIIXW/VeufOjXZ9fxa/pmsBDN5BB5Fb3MguxebD61c0MN4F+gnRQ/5arKQL5oIn/QAGan6Ll7s7nUGpa88sdVKRqw/TVcqmYeIFgWBUhnk2p54tvWbCXski63z4QRC+4TZ/ITPgn1sDqsD5Qf9/Ly1RPpJPODNgIYb5i6vh94gchqrF1g3EphbJ3riWCqREoBuCD+yqS2DSE7QWg1gjaHtT8kzcxkt3KpJoLPlZPKt92y03/av8a0AXpc2H7pw2mJ4i13xDsiRKavE4R7pwrfUJxSxYD2jBPZgNTo3XxaboHZgFbvyyw3xHreSo9CmM0mL94qha4jv2TqGuURooiBfizxzuHeMub1t8VIAXOiTk/iQtBPvGLtsQzFW3TeAeZtiYSGBeKOmb6O1vtetBurQk=
Test Type:UTF8 (Greek) Test
2021-11-08 05:24:05 [main] DEBUG:: Enter :: getRSASignature :: baseString : Λορεμ ιπσθμ δολορ σιτ αμετ, τατιον ινιμιcθσ τε ηασ, ιν εαμ μοδο ποσσιμ ινvιδθντ. 
2021-11-08 05:24:05 [main] DEBUG:: encryptedData length:512
2021-11-08 05:24:05 [main] DEBUG:: Exit :: getRSASignature :: base64Token : G6FezmgEqrnZNxqWfIE8Rcb49L3WQRcAQxQ0xX2sibejHHiOXPXU811OIsL7hsYmyLSSoY3IXTtu271MwfR1TTiODBnIqpgZ0jwmyKK7YoHUDqRgKmVscBnwotw2ntDn1eA2BAU2yKi+UOeUbDcY8dCK/qxdoKdvQg99zjmm1P4EG0dFlmh07oa2ByH4pgioaxI0sKQdDL14qbjrKOiFtfgdv5NEd1Q3kP240p9vLOoScPsRvRZlpWGPCUa0R9wQMtXZAKB3TVs+p8hu5ZHmG9JP2Jo5FRt8EkCG6V3Fg8qlbDO5m9B49atynVBsNSQkYKpCylokJI/mcESNciliQmOwkLmqh6YeELX82PSvnErIPRSAzrqkKYed/HI5gL2Z8pCOwohSfuMeoOrba3JeD98kMQHGwhw+pxSP6lnTCxLwLREhqgSrcXfymhc2TCbA/w/1gT3MjTIDjIF1HgtT2bPpjco62iuKPyrjejb4ARGcty5mlUjbPNUCD/DB4qgghnhbtvWJFJxF7Egs/BeDk5swyyvFBrlXPd/yhCpMJRAOZ0bK3Adj1ij0tVH/kHtDzRYZnF0ZQXZBlHyP2DMvlnJQbIDrTBuojRYFb8W7CPWc/P4RQIGwRv6ZvT+LLl+uuNpvNoVFc/EB0gKII819nINmCjcmuYhsboBLkJ9XHyE= 
Expected Signature :G6FezmgEqrnZNxqWfIE8Rcb49L3WQRcAQxQ0xX2sibejHHiOXPXU811OIsL7hsYmyLSSoY3IXTtu271MwfR1TTiODBnIqpgZ0jwmyKK7YoHUDqRgKmVscBnwotw2ntDn1eA2BAU2yKi+UOeUbDcY8dCK/qxdoKdvQg99zjmm1P4EG0dFlmh07oa2ByH4pgioaxI0sKQdDL14qbjrKOiFtfgdv5NEd1Q3kP240p9vLOoScPsRvRZlpWGPCUa0R9wQMtXZAKB3TVs+p8hu5ZHmG9JP2Jo5FRt8EkCG6V3Fg8qlbDO5m9B49atynVBsNSQkYKpCylokJI/mcESNciliQmOwkLmqh6YeELX82PSvnErIPRSAzrqkKYed/HI5gL2Z8pCOwohSfuMeoOrba3JeD98kMQHGwhw+pxSP6lnTCxLwLREhqgSrcXfymhc2TCbA/w/1gT3MjTIDjIF1HgtT2bPpjco62iuKPyrjejb4ARGcty5mlUjbPNUCD/DB4qgghnhbtvWJFJxF7Egs/BeDk5swyyvFBrlXPd/yhCpMJRAOZ0bK3Adj1ij0tVH/kHtDzRYZnF0ZQXZBlHyP2DMvlnJQbIDrTBuojRYFb8W7CPWc/P4RQIGwRv6ZvT+LLl+uuNpvNoVFc/EB0gKII819nINmCjcmuYhsboBLkJ9XHyE=
Test Type:L2 BaseString Happy Path Test
2021-11-08 05:24:05 [main] DEBUG:: Enter :: getRSASignature :: baseString : GET&https://loadtest-pvt.api.lab/api/v1/rest/level2/in-in/&apex_l2_ig_app_id=loadtest-pvt-4Swyn7qwKeO32EXdH1dKTeIQ&apex_l2_ig_nonce=7798278298637796436&apex_l2_ig_signature_method=SHA256withRSA&apex_l2_ig_timestamp=1502163142423&apex_l2_ig_version=1.0 
2021-11-08 05:24:05 [main] DEBUG:: encryptedData length:512
2021-11-08 05:24:05 [main] DEBUG:: Exit :: getRSASignature :: base64Token : SEPV4fLkd0QAXHdWwLqJ9QKgerDWrwU6DTeqxFz25GKYkcWfnua23NSxn6nvKEZawSS4glF5Ii3MUd1GQTeez4wRJAIRi01+6HZk58jtH4adYlJ7cW+qHOGz9iOFLJG7023j0S5FaIaxjkKjFx9xncP6CPB3Sd+MbbeinBZc7z8Efe8rNAAi+F0iPLECJq6/UiuRrxxb9VbRSNfvWtkD1NIlIXDabPEcE72Z7KEK9v+Olj36VTbELAxzN2zIrqqNM3PbDaOgJ6gkQ4oiIb/Uxv+9Se8FlWz5dnef2PUkoAxNFF5alzSn8cx+egtb1lZs7VHHTUQ7BVfLdI57VoR+rabIcUOz/ar/DjGEMNDUwc/Hg9kEWHjw48Pck53A1UmTBpJTA4QAORxKe0CbVexMGaOwXtAT2X7IPxs4cRCWbE8Tl0BmfTOPrvGP+3QlrmelnXMSkrWVxdo3Auf62CuRb5zO8iajazl5REW+HN+ggDfjy0HmYS1t1NoKqwjb5EiKTsfcOO7WLp7FhzGu8S+LtqbUphZ+dh40gvNhjT94iOZVuzwIZRpsp2IQLLrEUkCzw5Z6BWvB+WQgywKcpx+xiONR/tMmKVC16zP3nthpcQsvpygQnygL2wfUBHU6sTQBUpqwgGnHBDH3ZWWnFQr5Ymyalm0KJIvp45tM04uYvEE= 
Expected Signature :SEPV4fLkd0QAXHdWwLqJ9QKgerDWrwU6DTeqxFz25GKYkcWfnua23NSxn6nvKEZawSS4glF5Ii3MUd1GQTeez4wRJAIRi01+6HZk58jtH4adYlJ7cW+qHOGz9iOFLJG7023j0S5FaIaxjkKjFx9xncP6CPB3Sd+MbbeinBZc7z8Efe8rNAAi+F0iPLECJq6/UiuRrxxb9VbRSNfvWtkD1NIlIXDabPEcE72Z7KEK9v+Olj36VTbELAxzN2zIrqqNM3PbDaOgJ6gkQ4oiIb/Uxv+9Se8FlWz5dnef2PUkoAxNFF5alzSn8cx+egtb1lZs7VHHTUQ7BVfLdI57VoR+rabIcUOz/ar/DjGEMNDUwc/Hg9kEWHjw48Pck53A1UmTBpJTA4QAORxKe0CbVexMGaOwXtAT2X7IPxs4cRCWbE8Tl0BmfTOPrvGP+3QlrmelnXMSkrWVxdo3Auf62CuRb5zO8iajazl5REW+HN+ggDfjy0HmYS1t1NoKqwjb5EiKTsfcOO7WLp7FhzGu8S+LtqbUphZ+dh40gvNhjT94iOZVuzwIZRpsp2IQLLrEUkCzw5Z6BWvB+WQgywKcpx+xiONR/tMmKVC16zP3nthpcQsvpygQnygL2wfUBHU6sTQBUpqwgGnHBDH3ZWWnFQr5Ymyalm0KJIvp45tM04uYvEE=
Test Type:L2 BaseString with UTF8 Parameters Test
2021-11-08 05:24:05 [main] DEBUG:: Enter :: getRSASignature :: baseString : GET&https://loadtest-pvt.api.lab/api/v1/rest/level2/in-in/&ap=裕廊坊 心邻坊&apex_l2_ig_app_id=loadtest-pvt-4Swyn7qwKeO32EXdH1dKTeIQ&apex_l2_ig_nonce=7231415196459608363&apex_l2_ig_signature_method=SHA256withRSA&apex_l2_ig_timestamp=1502164219425&apex_l2_ig_version=1.0&oq=c# nunit mac&q=c# nunit mac 
2021-11-08 05:24:05 [main] DEBUG:: encryptedData length:512
2021-11-08 05:24:05 [main] DEBUG:: Exit :: getRSASignature :: base64Token : PAtGMMC5vWprJh4T1QkXiZWpqH9wA1hZz6AEjvHfEIalaejYdpDG31vb1boMjnKqoF2moydAyz97pd1s6FMHYZ3cv2YI/K3Wjf2pjcepI2nXwErncSve2W45CtzJ+TQWwqcttcfm/avhFpOYw74v/AHSrWbuoqPpVLAuznLBHwkiKJPBpt/Tdj1S/6Fmqu7OJu81OEQUBdhySVXtZMBtFHEFMviR2eDG7NcOZ2fspQUrCSdtEFKVyjMAcaFY6uxP5knRoq54FEHCmYotQ/J+VIWD3I0FL1ZswVtJ1zAM41rxpvfEvQFe9jucV6KN3kXnWD6hJbu4pXnakvcQKADgcBDvX0A9dzdhB9ibiWpKT8bXQwZDxYc6HqX9p83HikodV7x6p5Cd03Tol/9JaJqRQHe5ahwucCjnP5WqbTb4PrCNHeCGRj207ncpxBuafllsYfSadGFgeafpnc+5svnuZw9v9Y/H4msFbetoXUH9AQtcs+oCal5zG+AmBNZSqRROsdE6VczPPpwwn5lUCvI5XGXcFuo4X/tcQn9i6t314lgy1XYN6PAubbGDI1rnhlohMVy0XBwEi6xNWRT2vVx5ZxJmAfkSRE12n+AtdVrUQObr8cdzF9lei+DTd1fYz7QRiaJjkljEP4/J0GAiWv8z0JyDzbF9tlypJWkdWaO86eY= 
Expected Signature :PAtGMMC5vWprJh4T1QkXiZWpqH9wA1hZz6AEjvHfEIalaejYdpDG31vb1boMjnKqoF2moydAyz97pd1s6FMHYZ3cv2YI/K3Wjf2pjcepI2nXwErncSve2W45CtzJ+TQWwqcttcfm/avhFpOYw74v/AHSrWbuoqPpVLAuznLBHwkiKJPBpt/Tdj1S/6Fmqu7OJu81OEQUBdhySVXtZMBtFHEFMviR2eDG7NcOZ2fspQUrCSdtEFKVyjMAcaFY6uxP5knRoq54FEHCmYotQ/J+VIWD3I0FL1ZswVtJ1zAM41rxpvfEvQFe9jucV6KN3kXnWD6hJbu4pXnakvcQKADgcBDvX0A9dzdhB9ibiWpKT8bXQwZDxYc6HqX9p83HikodV7x6p5Cd03Tol/9JaJqRQHe5ahwucCjnP5WqbTb4PrCNHeCGRj207ncpxBuafllsYfSadGFgeafpnc+5svnuZw9v9Y/H4msFbetoXUH9AQtcs+oCal5zG+AmBNZSqRROsdE6VczPPpwwn5lUCvI5XGXcFuo4X/tcQn9i6t314lgy1XYN6PAubbGDI1rnhlohMVy0XBwEi6xNWRT2vVx5ZxJmAfkSRE12n+AtdVrUQObr8cdzF9lei+DTd1fYz7QRiaJjkljEP4/J0GAiWv8z0JyDzbF9tlypJWkdWaO86eY=
2021-11-08 05:24:05 [main] DEBUG:: Enter :: getRSASignature :: baseString : null 
2021-11-08 05:24:05 [main] ERROR:: Error :: getRSASignature :: baseString must not be null or empty.
2021-11-08 05:24:05 [main] DEBUG:: Enter :: getRSASignature :: baseString :  
2021-11-08 05:24:05 [main] ERROR:: Error :: getRSASignature :: baseString must not be null or empty.
2021-11-08 05:24:05 [main] DEBUG:: Enter :: getRSASignature :: baseString : message 
2021-11-08 05:24:05 [main] ERROR:: Error :: getRSASignature :: privateKey must not be null.
Tests run: 4, Failures: 0, Errors: 0, Skipped: 0, Time elapsed: 0.788 sec
Running com.api.util.ApiSecurity.AuthorizationTokenTest
2021-11-08 05:24:05 [main] DEBUG:: Enter :: getPrivateKeyFromKeyStore :: keystoreFileName : /Users/nsearch-sohboonkeong/GovTech/workspace/java-apex-api-security_bu/certificates/ssc.alpha.example.com.p12 , password: passwordp12x , alias: alpha 
2021-11-08 05:24:05 [main] ERROR:: Error :: getPrivateKeyFromKeyStore :: keystore password was incorrect
2021-11-08 05:24:05 [main] DEBUG:: Enter :: getPrivateKeyFromKeyStore :: keystoreFileName : /Users/nsearch-sohboonkeong/GovTech/workspace/java-apex-api-security_bu/Xalpha.test.p12 , password: passwordp12 , alias: alpha 
2021-11-08 05:24:05 [main] ERROR:: Error :: getPrivateKeyFromKeyStore :: /Users/nsearch-sohboonkeong/GovTech/workspace/java-apex-api-security_bu/Xalpha.test.p12 (No such file or directory)
in PEMget PRIVATE KEY passwordp12
2021-11-08 05:24:05 [main] DEBUG:: Enter :: getPrivateKeyPEM :: privateKeyFileName : /Users/nsearch-sohboonkeong/GovTech/workspace/java-apex-api-security_bu/certificates/ssc.alpha.example.com.pem 
what is OBJECT OBJECT org.bouncycastle.pkcs.PKCS8EncryptedPrivateKeyInfo@32b260fa...  instanceof: org.bouncycastle.pkcs.PKCS8EncryptedPrivateKeyInfo
I am in error fpr getPrivateKeyPEM unable to read encrypted data: Error finalising cipher
2021-11-08 05:24:05 [main] DEBUG:: Enter :: getSignatureTokenV2 :: url : https://example.lab:443/api/v1/rest/level1/in-in/?ap=裕廊坊%20心邻坊 , httpMethod  : get , appName : example-4Swyn7qwKeO32EXdH1dKTeIQ 
2021-11-08 05:24:05 [main] DEBUG:: Enter :: getBaseString :: authPrefix  : apex_l1_eg , signatureMethod : HMACSHA256 , appId : example-4Swyn7qwKeO32EXdH1dKTeIQ , urlPath : https://example.lab:443/api/v1/rest/level1/in-in/?ap=裕廊坊%20心邻坊 , httpMethod : get , nonce : -5816789581922453013 , timestamp : 1502199514462 , version : 1.0
2021-11-08 05:24:05 [main] DEBUG:: raw url:: https://example.lab:443/api/v1/rest/level1/in-in/?ap=裕廊坊%20心邻坊
2021-11-08 05:24:05 [main] DEBUG:: siteUri.getScheme():: https
2021-11-08 05:24:05 [main] DEBUG:: url:: https://example.lab/api/v1/rest/level1/in-in/
2021-11-08 05:24:05 [main] DEBUG:: queryString:: ap=裕廊坊%20心邻坊
2021-11-08 05:24:05 [main] DEBUG:: queryItem:: ap=裕廊坊%20心邻坊
what is queryitem to String: [ap, 裕廊坊%20心邻坊]
what is itemArr >1: 裕廊坊%20心邻坊
ToSTRING entry key:ap val: 裕廊坊 心邻坊
ToSTRING entry key:apex_l1_eg_timestamp val: 1502199514462
ToSTRING entry key:apex_l1_eg_nonce val: -5816789581922453013
ToSTRING entry key:apex_l1_eg_app_id val: example-4Swyn7qwKeO32EXdH1dKTeIQ
ToSTRING entry key:apex_l1_eg_signature_method val: HMACSHA256
ToSTRING entry key:apex_l1_eg_version val: 1.0
2021-11-08 05:24:05 [main] DEBUG:: Exit :: getBaseString :: baseString : GET&https://example.lab/api/v1/rest/level1/in-in/&ap=裕廊坊 心邻坊&apex_l1_eg_app_id=example-4Swyn7qwKeO32EXdH1dKTeIQ&apex_l1_eg_nonce=-5816789581922453013&apex_l1_eg_signature_method=HMACSHA256&apex_l1_eg_timestamp=1502199514462&apex_l1_eg_version=1.0 
IN HMCA
IN HMCA show secret ffef0c5087f8dc24a3f122e1e2040cdeb5f72c73
2021-11-08 05:24:05 [main] DEBUG:: Enter :: getHMACSignature :: baseString : GET&https://example.lab/api/v1/rest/level1/in-in/&ap=裕廊坊 心邻坊&apex_l1_eg_app_id=example-4Swyn7qwKeO32EXdH1dKTeIQ&apex_l1_eg_nonce=-5816789581922453013&apex_l1_eg_signature_method=HMACSHA256&apex_l1_eg_timestamp=1502199514462&apex_l1_eg_version=1.0 , secret: ffef0c5087f8dc24a3f122e1e2040cdeb5f72c73 
IN getHMAC 
IN getHMAC with secret ffef0c5087f8dc24a3f122e1e2040cdeb5f72c73
2021-11-08 05:24:05 [main] DEBUG:: Exit :: getHMACSignature :: base64Token : Ili+E6mPb96dkzZM7yJaKPiGA6JjbR/B25oVmkp/Rxs= 
ToSTRING entry key:realm val: https://example.lab
ToSTRING entry key:apex_l1_eg_app_id val: example-4Swyn7qwKeO32EXdH1dKTeIQ
ToSTRING entry key:apex_l1_eg_nonce val: -5816789581922453013
ToSTRING entry key:apex_l1_eg_signature_method val: HMACSHA256
ToSTRING entry key:apex_l1_eg_timestamp val: 1502199514462
ToSTRING entry key:apex_l1_eg_version val: 1.0
ToSTRING entry key:apex_l1_eg_signature val: Ili+E6mPb96dkzZM7yJaKPiGA6JjbR/B25oVmkp/Rxs=
2021-11-08 05:24:05 [main] DEBUG:: Exit :: getToken :: authorizationToken : Apex_l1_eg realm="https://example.lab", apex_l1_eg_app_id="example-4Swyn7qwKeO32EXdH1dKTeIQ", apex_l1_eg_nonce="-5816789581922453013", apex_l1_eg_signature_method="HMACSHA256", apex_l1_eg_timestamp="1502199514462", apex_l1_eg_version="1.0", apex_l1_eg_signature="Ili+E6mPb96dkzZM7yJaKPiGA6JjbR/B25oVmkp/Rxs=" 
2021-11-08 05:24:05 [main] DEBUG:: Enter :: getPrivateKeyFromKeyStore :: keystoreFileName : /Users/nsearch-sohboonkeong/GovTech/workspace/java-apex-api-security_bu/certificates/ssc.alpha.example.com.p12 , password: passwordp12 , alias: alpha 
2021-11-08 05:24:05 [main] DEBUG:: Exit :: getPrivateKeyFromKeyStore
2021-11-08 05:24:05 [main] DEBUG:: Enter :: getSignatureTokenV2 :: url : https://example.lab:443/api/v1/rest/level1/in-in/?ap=裕廊坊%20心邻坊 , httpMethod  : get , appName : example-4Swyn7qwKeO32EXdH1dKTeIQ 
2021-11-08 05:24:05 [main] DEBUG:: Enter :: getBaseString :: authPrefix  : apex_l2_eg , signatureMethod : SHA256withRSA , appId : example-4Swyn7qwKeO32EXdH1dKTeIQ , urlPath : https://example.lab:443/api/v1/rest/level1/in-in/?ap=裕廊坊%20心邻坊 , httpMethod : get , nonce : -5816789581922453013 , timestamp : 1502199514462 , version : 1.0
2021-11-08 05:24:05 [main] DEBUG:: raw url:: https://example.lab:443/api/v1/rest/level1/in-in/?ap=裕廊坊%20心邻坊
2021-11-08 05:24:05 [main] DEBUG:: siteUri.getScheme():: https
2021-11-08 05:24:05 [main] DEBUG:: url:: https://example.lab/api/v1/rest/level1/in-in/
2021-11-08 05:24:05 [main] DEBUG:: queryString:: ap=裕廊坊%20心邻坊
2021-11-08 05:24:05 [main] DEBUG:: queryItem:: ap=裕廊坊%20心邻坊
what is queryitem to String: [ap, 裕廊坊%20心邻坊]
what is itemArr >1: 裕廊坊%20心邻坊
ToSTRING entry key:ap val: 裕廊坊 心邻坊
ToSTRING entry key:apex_l2_eg_timestamp val: 1502199514462
ToSTRING entry key:apex_l2_eg_nonce val: -5816789581922453013
ToSTRING entry key:apex_l2_eg_app_id val: example-4Swyn7qwKeO32EXdH1dKTeIQ
ToSTRING entry key:apex_l2_eg_signature_method val: SHA256withRSA
ToSTRING entry key:apex_l2_eg_version val: 1.0
2021-11-08 05:24:05 [main] DEBUG:: Exit :: getBaseString :: baseString : GET&https://example.lab/api/v1/rest/level1/in-in/&ap=裕廊坊 心邻坊&apex_l2_eg_app_id=example-4Swyn7qwKeO32EXdH1dKTeIQ&apex_l2_eg_nonce=-5816789581922453013&apex_l2_eg_signature_method=SHA256withRSA&apex_l2_eg_timestamp=1502199514462&apex_l2_eg_version=1.0 
2021-11-08 05:24:05 [main] DEBUG:: Enter :: getRSASignature :: baseString : GET&https://example.lab/api/v1/rest/level1/in-in/&ap=裕廊坊 心邻坊&apex_l2_eg_app_id=example-4Swyn7qwKeO32EXdH1dKTeIQ&apex_l2_eg_nonce=-5816789581922453013&apex_l2_eg_signature_method=SHA256withRSA&apex_l2_eg_timestamp=1502199514462&apex_l2_eg_version=1.0 
2021-11-08 05:24:05 [main] DEBUG:: encryptedData length:512
2021-11-08 05:24:05 [main] DEBUG:: Exit :: getRSASignature :: base64Token : aFbjNdDoSRPNcy6amYoS+gThv8q+rJhbxBWs7oyU+BN7bhkn1C+BSfQUUGb+oh1R+gKfoBwpdNptSvkCBpopzAmCRc6m79Haki4CFeWIDvqlyzbIp1MQBj36giOOxBrfijEtL5LdXG+lOb5D+WVJaOx6xstnumy1HsMdjG0mp0qbTzG2wTKNPN09/UG3wyChg7eGMtrif93gIXA7gIZmXNrm38qXJsz5A99b/PoROMS1koxK3YFkVSJ7o8cC/XDu1FJWS2Fz/U4rBQPjz1GrzUr1G0xrfeKiUX/UREVkoEvb9403LZjUP/t1uDCdFWA1ugspnHMVyePCierRtdEZ29dEBAB9jUGNJjp03xwyfG/ZLph3kknuLlLjMQoqG6RZ4USVQgIb1kENLnNxlWcR7NdMM9ebqiTNrpWCTxiSvkILN1ybX6DLvPHxXJdPP5cFHgwW4WsZV2HHzrrGLLXzis/marwsC/90cemCMO5vic71RPlqmv/xD2gMZvJ0sEjRDQ4HiCNp9CWhSy4tdu7EpZ7qeh4ecu2o1DUQdauLNFQwNUgh3K2uByOZ8TPCGjRnSqYply98BUIxHECviI77YK8Tr45GsalT+8Q5e2HMWJV/mcNHbSlz1WxT+hhc8DdBKqf23TUOgi2N/EuzU5X0DffUHAJBx9MHSpI4pMGW+TQ= 
ToSTRING entry key:realm val: https://example.lab
ToSTRING entry key:apex_l2_eg_app_id val: example-4Swyn7qwKeO32EXdH1dKTeIQ
ToSTRING entry key:apex_l2_eg_nonce val: -5816789581922453013
ToSTRING entry key:apex_l2_eg_signature_method val: SHA256withRSA
ToSTRING entry key:apex_l2_eg_timestamp val: 1502199514462
ToSTRING entry key:apex_l2_eg_version val: 1.0
ToSTRING entry key:apex_l2_eg_signature val: aFbjNdDoSRPNcy6amYoS+gThv8q+rJhbxBWs7oyU+BN7bhkn1C+BSfQUUGb+oh1R+gKfoBwpdNptSvkCBpopzAmCRc6m79Haki4CFeWIDvqlyzbIp1MQBj36giOOxBrfijEtL5LdXG+lOb5D+WVJaOx6xstnumy1HsMdjG0mp0qbTzG2wTKNPN09/UG3wyChg7eGMtrif93gIXA7gIZmXNrm38qXJsz5A99b/PoROMS1koxK3YFkVSJ7o8cC/XDu1FJWS2Fz/U4rBQPjz1GrzUr1G0xrfeKiUX/UREVkoEvb9403LZjUP/t1uDCdFWA1ugspnHMVyePCierRtdEZ29dEBAB9jUGNJjp03xwyfG/ZLph3kknuLlLjMQoqG6RZ4USVQgIb1kENLnNxlWcR7NdMM9ebqiTNrpWCTxiSvkILN1ybX6DLvPHxXJdPP5cFHgwW4WsZV2HHzrrGLLXzis/marwsC/90cemCMO5vic71RPlqmv/xD2gMZvJ0sEjRDQ4HiCNp9CWhSy4tdu7EpZ7qeh4ecu2o1DUQdauLNFQwNUgh3K2uByOZ8TPCGjRnSqYply98BUIxHECviI77YK8Tr45GsalT+8Q5e2HMWJV/mcNHbSlz1WxT+hhc8DdBKqf23TUOgi2N/EuzU5X0DffUHAJBx9MHSpI4pMGW+TQ=
2021-11-08 05:24:05 [main] DEBUG:: Exit :: getToken :: authorizationToken : Apex_l2_eg realm="https://example.lab", apex_l2_eg_app_id="example-4Swyn7qwKeO32EXdH1dKTeIQ", apex_l2_eg_nonce="-5816789581922453013", apex_l2_eg_signature_method="SHA256withRSA", apex_l2_eg_timestamp="1502199514462", apex_l2_eg_version="1.0", apex_l2_eg_signature="aFbjNdDoSRPNcy6amYoS+gThv8q+rJhbxBWs7oyU+BN7bhkn1C+BSfQUUGb+oh1R+gKfoBwpdNptSvkCBpopzAmCRc6m79Haki4CFeWIDvqlyzbIp1MQBj36giOOxBrfijEtL5LdXG+lOb5D+WVJaOx6xstnumy1HsMdjG0mp0qbTzG2wTKNPN09/UG3wyChg7eGMtrif93gIXA7gIZmXNrm38qXJsz5A99b/PoROMS1koxK3YFkVSJ7o8cC/XDu1FJWS2Fz/U4rBQPjz1GrzUr1G0xrfeKiUX/UREVkoEvb9403LZjUP/t1uDCdFWA1ugspnHMVyePCierRtdEZ29dEBAB9jUGNJjp03xwyfG/ZLph3kknuLlLjMQoqG6RZ4USVQgIb1kENLnNxlWcR7NdMM9ebqiTNrpWCTxiSvkILN1ybX6DLvPHxXJdPP5cFHgwW4WsZV2HHzrrGLLXzis/marwsC/90cemCMO5vic71RPlqmv/xD2gMZvJ0sEjRDQ4HiCNp9CWhSy4tdu7EpZ7qeh4ecu2o1DUQdauLNFQwNUgh3K2uByOZ8TPCGjRnSqYply98BUIxHECviI77YK8Tr45GsalT+8Q5e2HMWJV/mcNHbSlz1WxT+hhc8DdBKqf23TUOgi2N/EuzU5X0DffUHAJBx9MHSpI4pMGW+TQ=" 
Tests run: 5, Failures: 0, Errors: 0, Skipped: 0, Time elapsed: 0.235 sec
Running com.api.util.ApiSecurity.BaseStringTest
2021-11-08 05:24:05 [main] DEBUG:: Enter :: getBaseString :: authPrefix  : Apex_L1_IG , signatureMethod : HMACSHA256 , appId : example-4Swyn7qwKeO32EXdH1dKTeIQ , urlPath : ftp://example.lab:443/api/v1/rest/level1/in-in/?ap=裕廊坊%20心邻坊 , httpMethod : post , nonce : 6584351262900708156 , timestamp : 1502184161702
2021-11-08 05:24:05 [main] DEBUG:: raw url:: ftp://example.lab:443/api/v1/rest/level1/in-in/?ap=裕廊坊%20心邻坊
2021-11-08 05:24:05 [main] DEBUG:: siteUri.getScheme():: ftp
2021-11-08 05:24:05 [main] ERROR:: Error :: getBaseString :: Support http and https protocol only.
com.api.util.ApiSecurity.ApiUtilException: Support http and https protocol only.
	at com.api.util.ApiSecurity.ApiSigning.getBaseString(ApiSigning.java:559) [classes/:?]
	at com.api.util.ApiSecurity.BaseStringTest.BaseString_Invalid_Url_01_Test(BaseStringTest.java:67) [test-classes/:?]
	at sun.reflect.NativeMethodAccessorImpl.invoke0(Native Method) ~[?:1.8.0_292]
	at sun.reflect.NativeMethodAccessorImpl.invoke(NativeMethodAccessorImpl.java:62) ~[?:1.8.0_292]
	at sun.reflect.DelegatingMethodAccessorImpl.invoke(DelegatingMethodAccessorImpl.java:43) ~[?:1.8.0_292]
	at java.lang.reflect.Method.invoke(Method.java:498) ~[?:1.8.0_292]
	at org.junit.runners.model.FrameworkMethod$1.runReflectiveCall(FrameworkMethod.java:59) [junit-4.13.1.jar:4.13.1]
	at org.junit.internal.runners.model.ReflectiveCallable.run(ReflectiveCallable.java:12) [junit-4.13.1.jar:4.13.1]
	at org.junit.runners.model.FrameworkMethod.invokeExplosively(FrameworkMethod.java:56) [junit-4.13.1.jar:4.13.1]
	at org.junit.internal.runners.statements.InvokeMethod.evaluate(InvokeMethod.java:17) [junit-4.13.1.jar:4.13.1]
	at org.junit.runners.ParentRunner$3.evaluate(ParentRunner.java:306) [junit-4.13.1.jar:4.13.1]
	at org.junit.runners.BlockJUnit4ClassRunner$1.evaluate(BlockJUnit4ClassRunner.java:100) [junit-4.13.1.jar:4.13.1]
	at org.junit.runners.ParentRunner.runLeaf(ParentRunner.java:366) [junit-4.13.1.jar:4.13.1]
	at org.junit.runners.BlockJUnit4ClassRunner.runChild(BlockJUnit4ClassRunner.java:103) [junit-4.13.1.jar:4.13.1]
	at org.junit.runners.BlockJUnit4ClassRunner.runChild(BlockJUnit4ClassRunner.java:63) [junit-4.13.1.jar:4.13.1]
	at org.junit.runners.ParentRunner$4.run(ParentRunner.java:331) [junit-4.13.1.jar:4.13.1]
	at org.junit.runners.ParentRunner$1.schedule(ParentRunner.java:79) [junit-4.13.1.jar:4.13.1]
	at org.junit.runners.ParentRunner.runChildren(ParentRunner.java:329) [junit-4.13.1.jar:4.13.1]
	at org.junit.runners.ParentRunner.access$100(ParentRunner.java:66) [junit-4.13.1.jar:4.13.1]
	at org.junit.runners.ParentRunner$2.evaluate(ParentRunner.java:293) [junit-4.13.1.jar:4.13.1]
	at org.junit.runners.ParentRunner$3.evaluate(ParentRunner.java:306) [junit-4.13.1.jar:4.13.1]
	at org.junit.runners.ParentRunner.run(ParentRunner.java:413) [junit-4.13.1.jar:4.13.1]
	at org.apache.maven.surefire.junit4.JUnit4Provider.execute(JUnit4Provider.java:252) [surefire-junit4-2.12.4.jar:2.12.4]
	at org.apache.maven.surefire.junit4.JUnit4Provider.executeTestSet(JUnit4Provider.java:141) [surefire-junit4-2.12.4.jar:2.12.4]
	at org.apache.maven.surefire.junit4.JUnit4Provider.invoke(JUnit4Provider.java:112) [surefire-junit4-2.12.4.jar:2.12.4]
	at sun.reflect.NativeMethodAccessorImpl.invoke0(Native Method) ~[?:1.8.0_292]
	at sun.reflect.NativeMethodAccessorImpl.invoke(NativeMethodAccessorImpl.java:62) ~[?:1.8.0_292]
	at sun.reflect.DelegatingMethodAccessorImpl.invoke(DelegatingMethodAccessorImpl.java:43) ~[?:1.8.0_292]
	at java.lang.reflect.Method.invoke(Method.java:498) ~[?:1.8.0_292]
	at org.apache.maven.surefire.util.ReflectionUtils.invokeMethodWithArray(ReflectionUtils.java:189) [surefire-api-2.12.4.jar:2.12.4]
	at org.apache.maven.surefire.booter.ProviderFactory$ProviderProxy.invoke(ProviderFactory.java:165) [surefire-booter-2.12.4.jar:2.12.4]
	at org.apache.maven.surefire.booter.ProviderFactory.invokeProvider(ProviderFactory.java:85) [surefire-booter-2.12.4.jar:2.12.4]
	at org.apache.maven.surefire.booter.ForkedBooter.runSuitesInProcess(ForkedBooter.java:115) [surefire-booter-2.12.4.jar:2.12.4]
	at org.apache.maven.surefire.booter.ForkedBooter.main(ForkedBooter.java:75) [surefire-booter-2.12.4.jar:2.12.4]
2021-11-08 05:24:05 [main] DEBUG:: Enter :: getBaseString :: authPrefix  : Apex_L1_IG , signatureMethod : HMACSHA256 , appId : example-4Swyn7qwKeO32EXdH1dKTeIQ , urlPath : ://example.lab:443/api/v1/rest/level1/in-in/?ap=裕廊坊%20心邻坊 , httpMethod : post , nonce : 6584351262900708156 , timestamp : 1502184161702
2021-11-08 05:24:05 [main] ERROR:: Error :: getBaseString :: Expected scheme name at index 0: ://example.lab:443/api/v1/rest/level1/in-in/?ap=裕廊坊%20心邻坊
2021-11-08 05:24:05 [main] DEBUG:: Enter :: getBaseString :: authPrefix  : Apex_L1_IG , signatureMethod : HMACSHA256 , appId : example-4Swyn7qwKeO32EXdH1dKTeIQ , urlPath : https://example.lab:443/api/v1/rest/level1/in-in/?ap=裕廊坊%20心邻坊 , httpMethod : post , nonce : 6584351262900708156 , timestamp : 1502184161702
2021-11-08 05:24:05 [main] DEBUG:: raw url:: https://example.lab:443/api/v1/rest/level1/in-in/?ap=裕廊坊%20心邻坊
2021-11-08 05:24:05 [main] DEBUG:: siteUri.getScheme():: https
2021-11-08 05:24:05 [main] DEBUG:: url:: https://example.lab/api/v1/rest/level1/in-in/
2021-11-08 05:24:05 [main] DEBUG:: queryString:: ap=裕廊坊%20心邻坊
2021-11-08 05:24:05 [main] DEBUG:: queryItem:: ap=裕廊坊%20心邻坊
ToSTRING entry key:ap val: 裕廊坊 心邻坊
ToSTRING entry key:param1 val: data1
ToSTRING entry key:apex_l1_ig_timestamp val: 1502184161702
ToSTRING entry key:apex_l1_ig_nonce val: 6584351262900708156
ToSTRING entry key:apex_l1_ig_app_id val: example-4Swyn7qwKeO32EXdH1dKTeIQ
ToSTRING entry key:apex_l1_ig_signature_method val: HMACSHA256
ToSTRING entry key:apex_l1_ig_version val: 1.0
2021-11-08 05:24:05 [main] DEBUG:: Exit :: getBaseString :: baseString : POST&https://example.lab/api/v1/rest/level1/in-in/&ap=裕廊坊 心邻坊&apex_l1_ig_app_id=example-4Swyn7qwKeO32EXdH1dKTeIQ&apex_l1_ig_nonce=6584351262900708156&apex_l1_ig_signature_method=HMACSHA256&apex_l1_ig_timestamp=1502184161702&apex_l1_ig_version=1.0&param1=data1 
2021-11-08 05:24:05 [main] DEBUG:: Enter :: getBaseString :: authPrefix  : Apex_L1_IG , signatureMethod : HMACSHA256 , appId : example-4Swyn7qwKeO32EXdH1dKTeIQ , urlPath : https://example.lab:443/api/v1/rest/level1/in-in/?ap=裕廊坊%20心邻坊 , httpMethod : get , nonce : 1355584618267440511 , timestamp : 1502175057654
2021-11-08 05:24:05 [main] DEBUG:: raw url:: https://example.lab:443/api/v1/rest/level1/in-in/?ap=裕廊坊%20心邻坊
2021-11-08 05:24:05 [main] DEBUG:: siteUri.getScheme():: https
2021-11-08 05:24:05 [main] DEBUG:: url:: https://example.lab/api/v1/rest/level1/in-in/
2021-11-08 05:24:05 [main] DEBUG:: queryString:: ap=裕廊坊%20心邻坊
2021-11-08 05:24:05 [main] DEBUG:: queryItem:: ap=裕廊坊%20心邻坊
ToSTRING entry key:ap val: 裕廊坊 心邻坊
ToSTRING entry key:apex_l1_ig_timestamp val: 1502175057654
ToSTRING entry key:apex_l1_ig_nonce val: 1355584618267440511
ToSTRING entry key:apex_l1_ig_app_id val: example-4Swyn7qwKeO32EXdH1dKTeIQ
ToSTRING entry key:apex_l1_ig_signature_method val: HMACSHA256
ToSTRING entry key:apex_l1_ig_version val: 1.0
2021-11-08 05:24:05 [main] DEBUG:: Exit :: getBaseString :: baseString : GET&https://example.lab/api/v1/rest/level1/in-in/&ap=裕廊坊 心邻坊&apex_l1_ig_app_id=example-4Swyn7qwKeO32EXdH1dKTeIQ&apex_l1_ig_nonce=1355584618267440511&apex_l1_ig_signature_method=HMACSHA256&apex_l1_ig_timestamp=1502175057654&apex_l1_ig_version=1.0 
Tests run: 4, Failures: 0, Errors: 0, Skipped: 0, Time elapsed: 0.022 sec
Running com.api.util.ApiSecurity.HMACSignatureTest
2021-11-08 05:24:05 [main] DEBUG:: Enter :: verifyHMACSignature :: signature : i19IcCmVwVmMVz2x4hhmqbgl1KeU0WnXBgoDYFeWNgs= , baseString : messagex , secret: secret 
2021-11-08 05:24:05 [main] DEBUG:: Enter :: getHMACSignature :: baseString : messagex , secret: secret 
IN getHMAC 
IN getHMAC with secret secret
2021-11-08 05:24:05 [main] DEBUG:: Exit :: getHMACSignature :: base64Token : X+EzGLI7Xu4RGge92Gak1+AGM3m8amLP5gA89Ba1XZY= 
2021-11-08 05:24:05 [main] DEBUG:: Exit :: verifyHMACSignature :: boolean : false
2021-11-08 05:24:05 [main] DEBUG:: Enter :: getHMACSignature :: baseString : Lorem ipsum dolor sit amet, vel nihil senserit ei. Ne quo erat feugait disputationi. , secret: secret 
IN getHMAC 
IN getHMAC with secret secret
2021-11-08 05:24:05 [main] DEBUG:: Exit :: getHMACSignature :: base64Token : cL3lY5/rhmkxMw/dCHCa4b9Lpp/soPPACnIxtQwRQI8= 
2021-11-08 05:24:05 [main] DEBUG:: Enter :: getHMACSignature :: baseString : 道続万汁国圭絶題手事足物目族月会済。 , secret: secret 
IN getHMAC 
IN getHMAC with secret secret
2021-11-08 05:24:05 [main] DEBUG:: Exit :: getHMACSignature :: base64Token : wOHv68zuoiIjfJHW0hZcOk4lORyiAL/IGK8WSkBUnuk= 
2021-11-08 05:24:05 [main] DEBUG:: Enter :: getHMACSignature :: baseString : 員ちぞど移点お告周ひょ球独狙チウソノ法保断フヒシハ東5広みぶめい質創ごぴ採8踊表述因仁らトつ。 , secret: secret 
IN getHMAC 
IN getHMAC with secret secret
2021-11-08 05:24:05 [main] DEBUG:: Exit :: getHMACSignature :: base64Token : L0ft4O8R2hxpupJVkLbgQpW0+HRw3KDgNUNf9DAEY7Y= 
2021-11-08 05:24:05 [main] DEBUG:: Enter :: getHMACSignature :: baseString : 대통령은 즉시 이를 공포하여야 한다, 그 자율적 활동과 발전을 보장한다. , secret: secret 
IN getHMAC 
IN getHMAC with secret secret
2021-11-08 05:24:05 [main] DEBUG:: Exit :: getHMACSignature :: base64Token : a6qt0t/nQ3GQFAEVTH+LMvEi0D41ZaKqC7LWJcVmHlE= 
2021-11-08 05:24:05 [main] DEBUG:: Enter :: getHMACSignature :: baseString : Λορεμ ιπσθμ δολορ σιτ αμετ, τατιον ινιμιcθσ τε ηασ, ιν εαμ μοδο ποσσιμ ινvιδθντ. , secret: secret 
IN getHMAC 
IN getHMAC with secret secret
2021-11-08 05:24:05 [main] DEBUG:: Exit :: getHMACSignature :: base64Token : WUGjbeO8Jy8Rvs5tD2biLHPR0+qtAmXeZKqX6acYL/4= 
2021-11-08 05:24:05 [main] DEBUG:: Enter :: getHMACSignature :: baseString : GET&https://loadtest-pvt.api.lab/api/v1/rest/level1/in-in/&apex_l1_ig_app_id=loadtest-pvt-4Swyn7qwKeO32EXdH1dKTeIQ&apex_l1_ig_nonce=-4985265956715077053&apex_l1_ig_signature_method=HMACSHA256&apex_l1_ig_timestamp=1502159855341&apex_l1_ig_version=1.0&param1=def+123 , secret: ffef0c5087f8dc24a3f122e1e2040cdeb5f72c73 
IN getHMAC 
IN getHMAC with secret ffef0c5087f8dc24a3f122e1e2040cdeb5f72c73
2021-11-08 05:24:05 [main] DEBUG:: Exit :: getHMACSignature :: base64Token : jhf8sldyAqT2LYwROXpQW/k1vwK9WZsTi/JEovTutso= 
2021-11-08 05:24:05 [main] DEBUG:: Enter :: getHMACSignature :: baseString : GET&https://loadtest-pvt.api.lab/api/v1/rest/level1/in-in/&ap=裕廊坊 心邻坊&apex_l1_ig_app_id=loadtest-pvt-4Swyn7qwKeO32EXdH1dKTeIQ&apex_l1_ig_nonce=2851111144329605674&apex_l1_ig_signature_method=HMACSHA256&apex_l1_ig_timestamp=1502163903712&apex_l1_ig_version=1.0 , secret: ffef0c5087f8dc24a3f122e1e2040cdeb5f72c73 
IN getHMAC 
IN getHMAC with secret ffef0c5087f8dc24a3f122e1e2040cdeb5f72c73
2021-11-08 05:24:05 [main] DEBUG:: Exit :: getHMACSignature :: base64Token : egtc4AdR5BQzhvLXH3hqw/JNcw6P3AmZROjX1Woi7QQ= 
2021-11-08 05:24:05 [main] DEBUG:: Enter :: verifyHMACSignature :: signature : i19IcCmVwVmMVz2x4hhmqbgl1KeU0WnXBgoDYFeWNgs= , baseString : message , secret: secretx 
2021-11-08 05:24:05 [main] DEBUG:: Enter :: getHMACSignature :: baseString : message , secret: secretx 
IN getHMAC 
IN getHMAC with secret secretx
2021-11-08 05:24:05 [main] DEBUG:: Exit :: getHMACSignature :: base64Token : sNXtc6u18G7+EFpjnFvLt6FGkgHX5jXAUg0kicrXlFw= 
2021-11-08 05:24:05 [main] DEBUG:: Exit :: verifyHMACSignature :: boolean : false
2021-11-08 05:24:05 [main] DEBUG:: Enter :: getHMACSignature :: baseString : null , secret: secret 
IN getHMAC 
IN getHMAC with secret secret
2021-11-08 05:24:05 [main] ERROR:: Error :: getHMACSignature :: baseString must not be null or empty.
2021-11-08 05:24:05 [main] DEBUG:: Enter :: getHMACSignature :: baseString :  , secret: secret 
IN getHMAC 
IN getHMAC with secret secret
2021-11-08 05:24:05 [main] ERROR:: Error :: getHMACSignature :: baseString must not be null or empty.
2021-11-08 05:24:05 [main] DEBUG:: Enter :: getHMACSignature :: baseString : message , secret: null 
IN getHMAC 
IN getHMAC with secret null
2021-11-08 05:24:05 [main] ERROR:: Error :: getHMACSignature :: secret must not be null or empty.
2021-11-08 05:24:05 [main] DEBUG:: Enter :: getHMACSignature :: baseString : message , secret:  
IN getHMAC 
IN getHMAC with secret 
2021-11-08 05:24:05 [main] ERROR:: Error :: getHMACSignature :: secret must not be null or empty.
2021-11-08 05:24:05 [main] DEBUG:: Enter :: verifyHMACSignature :: signature : i19IcCmVwVmMVz2x4hhmqbgl1KeU0WnXBgoDYFeWNgs= , baseString : message , secret: secret 
2021-11-08 05:24:05 [main] DEBUG:: Enter :: getHMACSignature :: baseString : message , secret: secret 
IN getHMAC 
IN getHMAC with secret secret
2021-11-08 05:24:05 [main] DEBUG:: Exit :: getHMACSignature :: base64Token : i19IcCmVwVmMVz2x4hhmqbgl1KeU0WnXBgoDYFeWNgs= 
2021-11-08 05:24:05 [main] DEBUG:: Exit :: verifyHMACSignature :: boolean : true
Tests run: 6, Failures: 0, Errors: 0, Skipped: 0, Time elapsed: 0.005 sec
Running com.api.util.ApiSecurity.ApiSecurityTest
File: getL2Signature.json
File: httpCall.json
File: getL1Signature.json
File: verifyL2Signature.json
File: verifyL1Signature.json
File: getSignatureBaseString.json
File: verifySupportedKeyFileType.json
Tests run: 0, Failures: 0, Errors: 0, Skipped: 0, Time elapsed: 0.195 sec

Results :

Tests run: 19, Failures: 0, Errors: 0, Skipped: 0

[INFO] ------------------------------------------------------------------------
[INFO] BUILD SUCCESS
[INFO] ------------------------------------------------------------------------
[INFO] Total time: 4.994 s
[INFO] Finished at: 2021-11-08T05:24:06+08:00
[INFO] ------------------------------------------------------------------------
